<?xml version="1.0" encoding="UTF-8"?>
<robot generator="Robot 6.1.1 (Python 3.10.12 on linux)" generated="20231115 13:52:30.186" rpa="false" schemaversion="4">
<suite id="s1" name="Register" source="/home/eero/Documents/OhTu/palautusrepositorio/viikko3/web-login/src/tests/register.robot">
<kw name="Open And Configure Browser" library="resource" type="SETUP">
<kw name="Evaluate" library="BuiltIn">
<var>${options}</var>
<arg>sys.modules['selenium.webdriver'].ChromeOptions()</arg>
<arg>sys</arg>
<doc>Evaluates the given expression in Python and returns the result.</doc>
<msg timestamp="20231115 13:52:30.277" level="INFO">${options} = &lt;selenium.webdriver.chrome.options.Options object at 0x7f702dee86d0&gt;</msg>
<status status="PASS" starttime="20231115 13:52:30.277" endtime="20231115 13:52:30.278"/>
</kw>
<kw name="Call Method" library="BuiltIn">
<arg>${options}</arg>
<arg>add_argument</arg>
<arg>--headless</arg>
<doc>Calls the named method of the given object with the provided arguments.</doc>
<status status="PASS" starttime="20231115 13:52:30.278" endtime="20231115 13:52:30.278"/>
</kw>
<kw name="Open Browser" library="SeleniumLibrary">
<arg>browser=chrome</arg>
<arg>options=${options}</arg>
<doc>Opens a new browser instance to the optional ``url``.</doc>
<msg timestamp="20231115 13:52:30.278" level="INFO">Opening browser 'chrome' to base url 'None'.</msg>
<status status="PASS" starttime="20231115 13:52:30.278" endtime="20231115 13:52:30.922"/>
</kw>
<kw name="Set Selenium Speed" library="SeleniumLibrary">
<arg>${DELAY}</arg>
<doc>Sets the delay that is waited after each Selenium command.</doc>
<status status="PASS" starttime="20231115 13:52:30.922" endtime="20231115 13:52:30.922"/>
</kw>
<status status="PASS" starttime="20231115 13:52:30.277" endtime="20231115 13:52:30.922"/>
</kw>
<test id="s1-t1" name="Register With Valid Username And Password" line="9">
<kw name="Reset App And Go To Register Page" type="SETUP">
<kw name="Reset Application" library="AppLibrary">
<status status="PASS" starttime="20231115 13:52:30.923" endtime="20231115 13:52:30.926"/>
</kw>
<kw name="Go To Register Page" library="resource">
<kw name="Go To" library="SeleniumLibrary">
<arg>${REGISTER_URL}</arg>
<doc>Navigates the current browser window to the provided ``url``.</doc>
<msg timestamp="20231115 13:52:30.926" level="INFO">Opening url 'http://localhost:5001/register'</msg>
<status status="PASS" starttime="20231115 13:52:30.926" endtime="20231115 13:52:30.949"/>
</kw>
<status status="PASS" starttime="20231115 13:52:30.926" endtime="20231115 13:52:30.949"/>
</kw>
<status status="PASS" starttime="20231115 13:52:30.923" endtime="20231115 13:52:30.949"/>
</kw>
<kw name="Set Username">
<arg>kalleksi</arg>
<kw name="Input Text" library="SeleniumLibrary">
<arg>username</arg>
<arg>${username}</arg>
<doc>Types the given ``text`` into the text field identified by ``locator``.</doc>
<msg timestamp="20231115 13:52:30.950" level="INFO">Typing text 'kalleksi' into text field 'username'.</msg>
<status status="PASS" starttime="20231115 13:52:30.950" endtime="20231115 13:52:31.001"/>
</kw>
<status status="PASS" starttime="20231115 13:52:30.949" endtime="20231115 13:52:31.001"/>
</kw>
<kw name="Set Password">
<arg>kalle123</arg>
<kw name="Input Password" library="SeleniumLibrary">
<arg>password</arg>
<arg>${password}</arg>
<doc>Types the given password into the text field identified by ``locator``.</doc>
<msg timestamp="20231115 13:52:31.002" level="INFO">Typing password into text field 'password'.</msg>
<msg timestamp="20231115 13:52:31.019" level="INFO">Temporally setting log level to: NONE</msg>
<msg timestamp="20231115 13:52:31.037" level="INFO">Log level changed from NONE to INFO.</msg>
<status status="PASS" starttime="20231115 13:52:31.002" endtime="20231115 13:52:31.037"/>
</kw>
<status status="PASS" starttime="20231115 13:52:31.001" endtime="20231115 13:52:31.037"/>
</kw>
<kw name="Set Password Confirmation">
<arg>kalle123</arg>
<kw name="Input Password" library="SeleniumLibrary">
<arg>password_confirmation</arg>
<arg>${password}</arg>
<doc>Types the given password into the text field identified by ``locator``.</doc>
<msg timestamp="20231115 13:52:31.038" level="INFO">Typing password into text field 'password_confirmation'.</msg>
<msg timestamp="20231115 13:52:31.055" level="INFO">Temporally setting log level to: NONE</msg>
<msg timestamp="20231115 13:52:31.071" level="INFO">Log level changed from NONE to INFO.</msg>
<status status="PASS" starttime="20231115 13:52:31.038" endtime="20231115 13:52:31.071"/>
</kw>
<status status="PASS" starttime="20231115 13:52:31.037" endtime="20231115 13:52:31.071"/>
</kw>
<kw name="Submit Credentials">
<kw name="Click Button" library="SeleniumLibrary">
<arg>Register</arg>
<doc>Clicks the button identified by ``locator``.</doc>
<msg timestamp="20231115 13:52:31.072" level="INFO">Clicking button 'Register'.</msg>
<status status="PASS" starttime="20231115 13:52:31.072" endtime="20231115 13:52:31.108"/>
</kw>
<status status="PASS" starttime="20231115 13:52:31.072" endtime="20231115 13:52:31.108"/>
</kw>
<kw name="Register Should Succeed">
<kw name="Click Link" library="SeleniumLibrary">
<arg>Continue to main page</arg>
<doc>Clicks a link identified by ``locator``.</doc>
<msg timestamp="20231115 13:52:31.109" level="INFO">Clicking link 'Continue to main page'.</msg>
<status status="PASS" starttime="20231115 13:52:31.109" endtime="20231115 13:52:31.136"/>
</kw>
<kw name="Main Page Should Be Open" library="resource">
<kw name="Title Should Be" library="SeleniumLibrary">
<arg>Ohtu Application main page</arg>
<doc>Verifies that the current page title equals ``title``.</doc>
<msg timestamp="20231115 13:52:31.139" level="INFO">Page title is 'Ohtu Application main page'.</msg>
<status status="PASS" starttime="20231115 13:52:31.137" endtime="20231115 13:52:31.139"/>
</kw>
<status status="PASS" starttime="20231115 13:52:31.137" endtime="20231115 13:52:31.139"/>
</kw>
<status status="PASS" starttime="20231115 13:52:31.108" endtime="20231115 13:52:31.139"/>
</kw>
<status status="PASS" starttime="20231115 13:52:30.922" endtime="20231115 13:52:31.139"/>
</test>
<test id="s1-t2" name="Register With Too Short Username And Valid Password" line="16">
<kw name="Reset App And Go To Register Page" type="SETUP">
<kw name="Reset Application" library="AppLibrary">
<status status="PASS" starttime="20231115 13:52:31.140" endtime="20231115 13:52:31.143"/>
</kw>
<kw name="Go To Register Page" library="resource">
<kw name="Go To" library="SeleniumLibrary">
<arg>${REGISTER_URL}</arg>
<doc>Navigates the current browser window to the provided ``url``.</doc>
<msg timestamp="20231115 13:52:31.144" level="INFO">Opening url 'http://localhost:5001/register'</msg>
<status status="PASS" starttime="20231115 13:52:31.144" endtime="20231115 13:52:31.150"/>
</kw>
<status status="PASS" starttime="20231115 13:52:31.143" endtime="20231115 13:52:31.150"/>
</kw>
<status status="PASS" starttime="20231115 13:52:31.140" endtime="20231115 13:52:31.150"/>
</kw>
<kw name="Set Username">
<arg>ka</arg>
<kw name="Input Text" library="SeleniumLibrary">
<arg>username</arg>
<arg>${username}</arg>
<doc>Types the given ``text`` into the text field identified by ``locator``.</doc>
<msg timestamp="20231115 13:52:31.151" level="INFO">Typing text 'ka' into text field 'username'.</msg>
<status status="PASS" starttime="20231115 13:52:31.151" endtime="20231115 13:52:31.183"/>
</kw>
<status status="PASS" starttime="20231115 13:52:31.150" endtime="20231115 13:52:31.183"/>
</kw>
<kw name="Set Password">
<arg>kalle123</arg>
<kw name="Input Password" library="SeleniumLibrary">
<arg>password</arg>
<arg>${password}</arg>
<doc>Types the given password into the text field identified by ``locator``.</doc>
<msg timestamp="20231115 13:52:31.183" level="INFO">Typing password into text field 'password'.</msg>
<msg timestamp="20231115 13:52:31.197" level="INFO">Temporally setting log level to: NONE</msg>
<msg timestamp="20231115 13:52:31.215" level="INFO">Log level changed from NONE to INFO.</msg>
<status status="PASS" starttime="20231115 13:52:31.183" endtime="20231115 13:52:31.215"/>
</kw>
<status status="PASS" starttime="20231115 13:52:31.183" endtime="20231115 13:52:31.215"/>
</kw>
<kw name="Set Password Confirmation">
<arg>kalle123</arg>
<kw name="Input Password" library="SeleniumLibrary">
<arg>password_confirmation</arg>
<arg>${password}</arg>
<doc>Types the given password into the text field identified by ``locator``.</doc>
<msg timestamp="20231115 13:52:31.216" level="INFO">Typing password into text field 'password_confirmation'.</msg>
<msg timestamp="20231115 13:52:31.230" level="INFO">Temporally setting log level to: NONE</msg>
<msg timestamp="20231115 13:52:31.247" level="INFO">Log level changed from NONE to INFO.</msg>
<status status="PASS" starttime="20231115 13:52:31.215" endtime="20231115 13:52:31.247"/>
</kw>
<status status="PASS" starttime="20231115 13:52:31.215" endtime="20231115 13:52:31.247"/>
</kw>
<kw name="Submit Credentials">
<kw name="Click Button" library="SeleniumLibrary">
<arg>Register</arg>
<doc>Clicks the button identified by ``locator``.</doc>
<msg timestamp="20231115 13:52:31.248" level="INFO">Clicking button 'Register'.</msg>
<status status="PASS" starttime="20231115 13:52:31.248" endtime="20231115 13:52:31.275"/>
</kw>
<status status="PASS" starttime="20231115 13:52:31.248" endtime="20231115 13:52:31.275"/>
</kw>
<kw name="Register Should Fail With Message">
<arg>Username must be at least 3 characters long</arg>
<kw name="Register Page Should Be Open" library="resource">
<kw name="Title Should Be" library="SeleniumLibrary">
<arg>Register</arg>
<doc>Verifies that the current page title equals ``title``.</doc>
<msg timestamp="20231115 13:52:31.278" level="INFO">Page title is 'Register'.</msg>
<status status="PASS" starttime="20231115 13:52:31.276" endtime="20231115 13:52:31.278"/>
</kw>
<status status="PASS" starttime="20231115 13:52:31.276" endtime="20231115 13:52:31.278"/>
</kw>
<kw name="Page Should Contain" library="SeleniumLibrary">
<arg>${message}</arg>
<doc>Verifies that current page contains ``text``.</doc>
<msg timestamp="20231115 13:52:31.285" level="INFO">Current page contains text 'Username must be at least 3 characters long'.</msg>
<status status="PASS" starttime="20231115 13:52:31.278" endtime="20231115 13:52:31.285"/>
</kw>
<status status="PASS" starttime="20231115 13:52:31.276" endtime="20231115 13:52:31.285"/>
</kw>
<status status="PASS" starttime="20231115 13:52:31.140" endtime="20231115 13:52:31.286"/>
</test>
<test id="s1-t3" name="Register With Valid Username And Invalid Password" line="23">
<kw name="Reset App And Go To Register Page" type="SETUP">
<kw name="Reset Application" library="AppLibrary">
<status status="PASS" starttime="20231115 13:52:31.286" endtime="20231115 13:52:31.290"/>
</kw>
<kw name="Go To Register Page" library="resource">
<kw name="Go To" library="SeleniumLibrary">
<arg>${REGISTER_URL}</arg>
<doc>Navigates the current browser window to the provided ``url``.</doc>
<msg timestamp="20231115 13:52:31.291" level="INFO">Opening url 'http://localhost:5001/register'</msg>
<status status="PASS" starttime="20231115 13:52:31.290" endtime="20231115 13:52:31.298"/>
</kw>
<status status="PASS" starttime="20231115 13:52:31.290" endtime="20231115 13:52:31.298"/>
</kw>
<status status="PASS" starttime="20231115 13:52:31.286" endtime="20231115 13:52:31.298"/>
</kw>
<kw name="Set Username">
<arg>kalleksiko</arg>
<kw name="Input Text" library="SeleniumLibrary">
<arg>username</arg>
<arg>${username}</arg>
<doc>Types the given ``text`` into the text field identified by ``locator``.</doc>
<msg timestamp="20231115 13:52:31.299" level="INFO">Typing text 'kalleksiko' into text field 'username'.</msg>
<status status="PASS" starttime="20231115 13:52:31.298" endtime="20231115 13:52:31.331"/>
</kw>
<status status="PASS" starttime="20231115 13:52:31.298" endtime="20231115 13:52:31.331"/>
</kw>
<kw name="Set Password">
<arg>kallekalle</arg>
<kw name="Input Password" library="SeleniumLibrary">
<arg>password</arg>
<arg>${password}</arg>
<doc>Types the given password into the text field identified by ``locator``.</doc>
<msg timestamp="20231115 13:52:31.331" level="INFO">Typing password into text field 'password'.</msg>
<msg timestamp="20231115 13:52:31.345" level="INFO">Temporally setting log level to: NONE</msg>
<msg timestamp="20231115 13:52:31.364" level="INFO">Log level changed from NONE to INFO.</msg>
<status status="PASS" starttime="20231115 13:52:31.331" endtime="20231115 13:52:31.364"/>
</kw>
<status status="PASS" starttime="20231115 13:52:31.331" endtime="20231115 13:52:31.364"/>
</kw>
<kw name="Set Password Confirmation">
<arg>kallekalle</arg>
<kw name="Input Password" library="SeleniumLibrary">
<arg>password_confirmation</arg>
<arg>${password}</arg>
<doc>Types the given password into the text field identified by ``locator``.</doc>
<msg timestamp="20231115 13:52:31.365" level="INFO">Typing password into text field 'password_confirmation'.</msg>
<msg timestamp="20231115 13:52:31.379" level="INFO">Temporally setting log level to: NONE</msg>
<msg timestamp="20231115 13:52:31.397" level="INFO">Log level changed from NONE to INFO.</msg>
<status status="PASS" starttime="20231115 13:52:31.365" endtime="20231115 13:52:31.397"/>
</kw>
<status status="PASS" starttime="20231115 13:52:31.364" endtime="20231115 13:52:31.397"/>
</kw>
<kw name="Submit Credentials">
<kw name="Click Button" library="SeleniumLibrary">
<arg>Register</arg>
<doc>Clicks the button identified by ``locator``.</doc>
<msg timestamp="20231115 13:52:31.398" level="INFO">Clicking button 'Register'.</msg>
<status status="PASS" starttime="20231115 13:52:31.397" endtime="20231115 13:52:31.425"/>
</kw>
<status status="PASS" starttime="20231115 13:52:31.397" endtime="20231115 13:52:31.425"/>
</kw>
<kw name="Register Should Fail With Message">
<arg>Password must not contain only letters</arg>
<kw name="Register Page Should Be Open" library="resource">
<kw name="Title Should Be" library="SeleniumLibrary">
<arg>Register</arg>
<doc>Verifies that the current page title equals ``title``.</doc>
<msg timestamp="20231115 13:52:31.427" level="INFO">Page title is 'Register'.</msg>
<status status="PASS" starttime="20231115 13:52:31.426" endtime="20231115 13:52:31.427"/>
</kw>
<status status="PASS" starttime="20231115 13:52:31.425" endtime="20231115 13:52:31.428"/>
</kw>
<kw name="Page Should Contain" library="SeleniumLibrary">
<arg>${message}</arg>
<doc>Verifies that current page contains ``text``.</doc>
<msg timestamp="20231115 13:52:31.435" level="INFO">Current page contains text 'Password must not contain only letters'.</msg>
<status status="PASS" starttime="20231115 13:52:31.428" endtime="20231115 13:52:31.435"/>
</kw>
<status status="PASS" starttime="20231115 13:52:31.425" endtime="20231115 13:52:31.435"/>
</kw>
<status status="PASS" starttime="20231115 13:52:31.286" endtime="20231115 13:52:31.435"/>
</test>
<test id="s1-t4" name="Register With Nonmatching Password And Password Confirmation" line="31">
<kw name="Reset App And Go To Register Page" type="SETUP">
<kw name="Reset Application" library="AppLibrary">
<status status="PASS" starttime="20231115 13:52:31.436" endtime="20231115 13:52:31.439"/>
</kw>
<kw name="Go To Register Page" library="resource">
<kw name="Go To" library="SeleniumLibrary">
<arg>${REGISTER_URL}</arg>
<doc>Navigates the current browser window to the provided ``url``.</doc>
<msg timestamp="20231115 13:52:31.440" level="INFO">Opening url 'http://localhost:5001/register'</msg>
<status status="PASS" starttime="20231115 13:52:31.440" endtime="20231115 13:52:31.447"/>
</kw>
<status status="PASS" starttime="20231115 13:52:31.439" endtime="20231115 13:52:31.448"/>
</kw>
<status status="PASS" starttime="20231115 13:52:31.436" endtime="20231115 13:52:31.448"/>
</kw>
<kw name="Set Username">
<arg>kalleksikohan</arg>
<kw name="Input Text" library="SeleniumLibrary">
<arg>username</arg>
<arg>${username}</arg>
<doc>Types the given ``text`` into the text field identified by ``locator``.</doc>
<msg timestamp="20231115 13:52:31.448" level="INFO">Typing text 'kalleksikohan' into text field 'username'.</msg>
<status status="PASS" starttime="20231115 13:52:31.448" endtime="20231115 13:52:31.481"/>
</kw>
<status status="PASS" starttime="20231115 13:52:31.448" endtime="20231115 13:52:31.481"/>
</kw>
<kw name="Set Password">
<arg>kalle123</arg>
<kw name="Input Password" library="SeleniumLibrary">
<arg>password</arg>
<arg>${password}</arg>
<doc>Types the given password into the text field identified by ``locator``.</doc>
<msg timestamp="20231115 13:52:31.482" level="INFO">Typing password into text field 'password'.</msg>
<msg timestamp="20231115 13:52:31.496" level="INFO">Temporally setting log level to: NONE</msg>
<msg timestamp="20231115 13:52:31.514" level="INFO">Log level changed from NONE to INFO.</msg>
<status status="PASS" starttime="20231115 13:52:31.482" endtime="20231115 13:52:31.514"/>
</kw>
<status status="PASS" starttime="20231115 13:52:31.481" endtime="20231115 13:52:31.514"/>
</kw>
<kw name="Set Password Confirmation">
<arg>kalle321</arg>
<kw name="Input Password" library="SeleniumLibrary">
<arg>password_confirmation</arg>
<arg>${password}</arg>
<doc>Types the given password into the text field identified by ``locator``.</doc>
<msg timestamp="20231115 13:52:31.515" level="INFO">Typing password into text field 'password_confirmation'.</msg>
<msg timestamp="20231115 13:52:31.529" level="INFO">Temporally setting log level to: NONE</msg>
<msg timestamp="20231115 13:52:31.547" level="INFO">Log level changed from NONE to INFO.</msg>
<status status="PASS" starttime="20231115 13:52:31.515" endtime="20231115 13:52:31.547"/>
</kw>
<status status="PASS" starttime="20231115 13:52:31.515" endtime="20231115 13:52:31.547"/>
</kw>
<kw name="Submit Credentials">
<kw name="Click Button" library="SeleniumLibrary">
<arg>Register</arg>
<doc>Clicks the button identified by ``locator``.</doc>
<msg timestamp="20231115 13:52:31.548" level="INFO">Clicking button 'Register'.</msg>
<status status="PASS" starttime="20231115 13:52:31.548" endtime="20231115 13:52:31.576"/>
</kw>
<status status="PASS" starttime="20231115 13:52:31.548" endtime="20231115 13:52:31.576"/>
</kw>
<kw name="Register Should Fail With Message">
<arg>Password and password confirmation do not match</arg>
<kw name="Register Page Should Be Open" library="resource">
<kw name="Title Should Be" library="SeleniumLibrary">
<arg>Register</arg>
<doc>Verifies that the current page title equals ``title``.</doc>
<msg timestamp="20231115 13:52:31.579" level="INFO">Page title is 'Register'.</msg>
<status status="PASS" starttime="20231115 13:52:31.576" endtime="20231115 13:52:31.579"/>
</kw>
<status status="PASS" starttime="20231115 13:52:31.576" endtime="20231115 13:52:31.579"/>
</kw>
<kw name="Page Should Contain" library="SeleniumLibrary">
<arg>${message}</arg>
<doc>Verifies that current page contains ``text``.</doc>
<msg timestamp="20231115 13:52:31.586" level="INFO">Current page contains text 'Password and password confirmation do not match'.</msg>
<status status="PASS" starttime="20231115 13:52:31.579" endtime="20231115 13:52:31.586"/>
</kw>
<status status="PASS" starttime="20231115 13:52:31.576" endtime="20231115 13:52:31.586"/>
</kw>
<status status="PASS" starttime="20231115 13:52:31.436" endtime="20231115 13:52:31.586"/>
</test>
<test id="s1-t5" name="Login After Successful Registration" line="38">
<kw name="Reset App And Go To Register Page" type="SETUP">
<kw name="Reset Application" library="AppLibrary">
<status status="PASS" starttime="20231115 13:52:31.587" endtime="20231115 13:52:31.590"/>
</kw>
<kw name="Go To Register Page" library="resource">
<kw name="Go To" library="SeleniumLibrary">
<arg>${REGISTER_URL}</arg>
<doc>Navigates the current browser window to the provided ``url``.</doc>
<msg timestamp="20231115 13:52:31.591" level="INFO">Opening url 'http://localhost:5001/register'</msg>
<status status="PASS" starttime="20231115 13:52:31.590" endtime="20231115 13:52:31.597"/>
</kw>
<status status="PASS" starttime="20231115 13:52:31.590" endtime="20231115 13:52:31.597"/>
</kw>
<status status="PASS" starttime="20231115 13:52:31.587" endtime="20231115 13:52:31.597"/>
</kw>
<kw name="Set Username">
<arg>kalleksikohankaan</arg>
<kw name="Input Text" library="SeleniumLibrary">
<arg>username</arg>
<arg>${username}</arg>
<doc>Types the given ``text`` into the text field identified by ``locator``.</doc>
<msg timestamp="20231115 13:52:31.598" level="INFO">Typing text 'kalleksikohankaan' into text field 'username'.</msg>
<status status="PASS" starttime="20231115 13:52:31.598" endtime="20231115 13:52:31.631"/>
</kw>
<status status="PASS" starttime="20231115 13:52:31.598" endtime="20231115 13:52:31.631"/>
</kw>
<kw name="Set Password">
<arg>kalle123</arg>
<kw name="Input Password" library="SeleniumLibrary">
<arg>password</arg>
<arg>${password}</arg>
<doc>Types the given password into the text field identified by ``locator``.</doc>
<msg timestamp="20231115 13:52:31.632" level="INFO">Typing password into text field 'password'.</msg>
<msg timestamp="20231115 13:52:31.646" level="INFO">Temporally setting log level to: NONE</msg>
<msg timestamp="20231115 13:52:31.664" level="INFO">Log level changed from NONE to INFO.</msg>
<status status="PASS" starttime="20231115 13:52:31.632" endtime="20231115 13:52:31.664"/>
</kw>
<status status="PASS" starttime="20231115 13:52:31.632" endtime="20231115 13:52:31.664"/>
</kw>
<kw name="Set Password Confirmation">
<arg>kalle123</arg>
<kw name="Input Password" library="SeleniumLibrary">
<arg>password_confirmation</arg>
<arg>${password}</arg>
<doc>Types the given password into the text field identified by ``locator``.</doc>
<msg timestamp="20231115 13:52:31.665" level="INFO">Typing password into text field 'password_confirmation'.</msg>
<msg timestamp="20231115 13:52:31.679" level="INFO">Temporally setting log level to: NONE</msg>
<msg timestamp="20231115 13:52:31.697" level="INFO">Log level changed from NONE to INFO.</msg>
<status status="PASS" starttime="20231115 13:52:31.664" endtime="20231115 13:52:31.697"/>
</kw>
<status status="PASS" starttime="20231115 13:52:31.664" endtime="20231115 13:52:31.697"/>
</kw>
<kw name="Submit Credentials">
<kw name="Click Button" library="SeleniumLibrary">
<arg>Register</arg>
<doc>Clicks the button identified by ``locator``.</doc>
<msg timestamp="20231115 13:52:31.698" level="INFO">Clicking button 'Register'.</msg>
<status status="PASS" starttime="20231115 13:52:31.697" endtime="20231115 13:52:31.724"/>
</kw>
<status status="PASS" starttime="20231115 13:52:31.697" endtime="20231115 13:52:31.724"/>
</kw>
<kw name="Register Should Succeed">
<kw name="Click Link" library="SeleniumLibrary">
<arg>Continue to main page</arg>
<doc>Clicks a link identified by ``locator``.</doc>
<msg timestamp="20231115 13:52:31.725" level="INFO">Clicking link 'Continue to main page'.</msg>
<status status="PASS" starttime="20231115 13:52:31.725" endtime="20231115 13:52:31.747"/>
</kw>
<kw name="Main Page Should Be Open" library="resource">
<kw name="Title Should Be" library="SeleniumLibrary">
<arg>Ohtu Application main page</arg>
<doc>Verifies that the current page title equals ``title``.</doc>
<msg timestamp="20231115 13:52:31.749" level="INFO">Page title is 'Ohtu Application main page'.</msg>
<status status="PASS" starttime="20231115 13:52:31.747" endtime="20231115 13:52:31.749"/>
</kw>
<status status="PASS" starttime="20231115 13:52:31.747" endtime="20231115 13:52:31.749"/>
</kw>
<status status="PASS" starttime="20231115 13:52:31.725" endtime="20231115 13:52:31.749"/>
</kw>
<kw name="Go To Login Page" library="resource">
<kw name="Go To" library="SeleniumLibrary">
<arg>${LOGIN_URL}</arg>
<doc>Navigates the current browser window to the provided ``url``.</doc>
<msg timestamp="20231115 13:52:31.750" level="INFO">Opening url 'http://localhost:5001/login'</msg>
<status status="PASS" starttime="20231115 13:52:31.750" endtime="20231115 13:52:31.757"/>
</kw>
<status status="PASS" starttime="20231115 13:52:31.750" endtime="20231115 13:52:31.757"/>
</kw>
<kw name="Set Username">
<arg>kalleksikohankaan</arg>
<kw name="Input Text" library="SeleniumLibrary">
<arg>username</arg>
<arg>${username}</arg>
<doc>Types the given ``text`` into the text field identified by ``locator``.</doc>
<msg timestamp="20231115 13:52:31.758" level="INFO">Typing text 'kalleksikohankaan' into text field 'username'.</msg>
<status status="PASS" starttime="20231115 13:52:31.758" endtime="20231115 13:52:31.792"/>
</kw>
<status status="PASS" starttime="20231115 13:52:31.757" endtime="20231115 13:52:31.792"/>
</kw>
<kw name="Set Password">
<arg>kalle123</arg>
<kw name="Input Password" library="SeleniumLibrary">
<arg>password</arg>
<arg>${password}</arg>
<doc>Types the given password into the text field identified by ``locator``.</doc>
<msg timestamp="20231115 13:52:31.793" level="INFO">Typing password into text field 'password'.</msg>
<msg timestamp="20231115 13:52:31.807" level="INFO">Temporally setting log level to: NONE</msg>
<msg timestamp="20231115 13:52:31.825" level="INFO">Log level changed from NONE to INFO.</msg>
<status status="PASS" starttime="20231115 13:52:31.793" endtime="20231115 13:52:31.825"/>
</kw>
<status status="PASS" starttime="20231115 13:52:31.792" endtime="20231115 13:52:31.825"/>
</kw>
<kw name="Submit Login Credentials">
<kw name="Click Button" library="SeleniumLibrary">
<arg>Login</arg>
<doc>Clicks the button identified by ``locator``.</doc>
<msg timestamp="20231115 13:52:31.826" level="INFO">Clicking button 'Login'.</msg>
<status status="PASS" starttime="20231115 13:52:31.826" endtime="20231115 13:52:31.860"/>
</kw>
<status status="PASS" starttime="20231115 13:52:31.826" endtime="20231115 13:52:31.860"/>
</kw>
<kw name="Login Should Succeed">
<kw name="Main Page Should Be Open" library="resource">
<kw name="Title Should Be" library="SeleniumLibrary">
<arg>Ohtu Application main page</arg>
<doc>Verifies that the current page title equals ``title``.</doc>
<msg timestamp="20231115 13:52:31.862" level="INFO">Page title is 'Ohtu Application main page'.</msg>
<status status="PASS" starttime="20231115 13:52:31.860" endtime="20231115 13:52:31.862"/>
</kw>
<status status="PASS" starttime="20231115 13:52:31.860" endtime="20231115 13:52:31.863"/>
</kw>
<status status="PASS" starttime="20231115 13:52:31.860" endtime="20231115 13:52:31.863"/>
</kw>
<status status="PASS" starttime="20231115 13:52:31.587" endtime="20231115 13:52:31.863"/>
</test>
<test id="s1-t6" name="Login After Failed Registration" line="50">
<kw name="Reset App And Go To Register Page" type="SETUP">
<kw name="Reset Application" library="AppLibrary">
<status status="PASS" starttime="20231115 13:52:31.863" endtime="20231115 13:52:31.867"/>
</kw>
<kw name="Go To Register Page" library="resource">
<kw name="Go To" library="SeleniumLibrary">
<arg>${REGISTER_URL}</arg>
<doc>Navigates the current browser window to the provided ``url``.</doc>
<msg timestamp="20231115 13:52:31.867" level="INFO">Opening url 'http://localhost:5001/register'</msg>
<status status="PASS" starttime="20231115 13:52:31.867" endtime="20231115 13:52:31.874"/>
</kw>
<status status="PASS" starttime="20231115 13:52:31.867" endtime="20231115 13:52:31.874"/>
</kw>
<status status="PASS" starttime="20231115 13:52:31.863" endtime="20231115 13:52:31.874"/>
</kw>
<kw name="Set Username">
<arg>ka</arg>
<kw name="Input Text" library="SeleniumLibrary">
<arg>username</arg>
<arg>${username}</arg>
<doc>Types the given ``text`` into the text field identified by ``locator``.</doc>
<msg timestamp="20231115 13:52:31.875" level="INFO">Typing text 'ka' into text field 'username'.</msg>
<status status="PASS" starttime="20231115 13:52:31.874" endtime="20231115 13:52:31.906"/>
</kw>
<status status="PASS" starttime="20231115 13:52:31.874" endtime="20231115 13:52:31.906"/>
</kw>
<kw name="Set Password">
<arg>kalle123</arg>
<kw name="Input Password" library="SeleniumLibrary">
<arg>password</arg>
<arg>${password}</arg>
<doc>Types the given password into the text field identified by ``locator``.</doc>
<msg timestamp="20231115 13:52:31.906" level="INFO">Typing password into text field 'password'.</msg>
<msg timestamp="20231115 13:52:31.922" level="INFO">Temporally setting log level to: NONE</msg>
<msg timestamp="20231115 13:52:31.938" level="INFO">Log level changed from NONE to INFO.</msg>
<status status="PASS" starttime="20231115 13:52:31.906" endtime="20231115 13:52:31.938"/>
</kw>
<status status="PASS" starttime="20231115 13:52:31.906" endtime="20231115 13:52:31.939"/>
</kw>
<kw name="Set Password Confirmation">
<arg>kalle122</arg>
<kw name="Input Password" library="SeleniumLibrary">
<arg>password_confirmation</arg>
<arg>${password}</arg>
<doc>Types the given password into the text field identified by ``locator``.</doc>
<msg timestamp="20231115 13:52:31.939" level="INFO">Typing password into text field 'password_confirmation'.</msg>
<msg timestamp="20231115 13:52:31.953" level="INFO">Temporally setting log level to: NONE</msg>
<msg timestamp="20231115 13:52:31.970" level="INFO">Log level changed from NONE to INFO.</msg>
<status status="PASS" starttime="20231115 13:52:31.939" endtime="20231115 13:52:31.970"/>
</kw>
<status status="PASS" starttime="20231115 13:52:31.939" endtime="20231115 13:52:31.970"/>
</kw>
<kw name="Submit Credentials">
<kw name="Click Button" library="SeleniumLibrary">
<arg>Register</arg>
<doc>Clicks the button identified by ``locator``.</doc>
<msg timestamp="20231115 13:52:31.971" level="INFO">Clicking button 'Register'.</msg>
<status status="PASS" starttime="20231115 13:52:31.970" endtime="20231115 13:52:31.999"/>
</kw>
<status status="PASS" starttime="20231115 13:52:31.970" endtime="20231115 13:52:31.999"/>
</kw>
<kw name="Register Should Fail With Message">
<arg>Username must be at least 3 characters long</arg>
<kw name="Register Page Should Be Open" library="resource">
<kw name="Title Should Be" library="SeleniumLibrary">
<arg>Register</arg>
<doc>Verifies that the current page title equals ``title``.</doc>
<msg timestamp="20231115 13:52:32.001" level="INFO">Page title is 'Register'.</msg>
<status status="PASS" starttime="20231115 13:52:31.999" endtime="20231115 13:52:32.001"/>
</kw>
<status status="PASS" starttime="20231115 13:52:31.999" endtime="20231115 13:52:32.001"/>
</kw>
<kw name="Page Should Contain" library="SeleniumLibrary">
<arg>${message}</arg>
<doc>Verifies that current page contains ``text``.</doc>
<msg timestamp="20231115 13:52:32.007" level="INFO">Current page contains text 'Username must be at least 3 characters long'.</msg>
<status status="PASS" starttime="20231115 13:52:32.002" endtime="20231115 13:52:32.007"/>
</kw>
<status status="PASS" starttime="20231115 13:52:31.999" endtime="20231115 13:52:32.007"/>
</kw>
<kw name="Go To Login Page" library="resource">
<kw name="Go To" library="SeleniumLibrary">
<arg>${LOGIN_URL}</arg>
<doc>Navigates the current browser window to the provided ``url``.</doc>
<msg timestamp="20231115 13:52:32.007" level="INFO">Opening url 'http://localhost:5001/login'</msg>
<status status="PASS" starttime="20231115 13:52:32.007" endtime="20231115 13:52:32.014"/>
</kw>
<status status="PASS" starttime="20231115 13:52:32.007" endtime="20231115 13:52:32.014"/>
</kw>
<kw name="Set Username">
<arg>ka</arg>
<kw name="Input Text" library="SeleniumLibrary">
<arg>username</arg>
<arg>${username}</arg>
<doc>Types the given ``text`` into the text field identified by ``locator``.</doc>
<msg timestamp="20231115 13:52:32.015" level="INFO">Typing text 'ka' into text field 'username'.</msg>
<status status="PASS" starttime="20231115 13:52:32.015" endtime="20231115 13:52:32.046"/>
</kw>
<status status="PASS" starttime="20231115 13:52:32.015" endtime="20231115 13:52:32.046"/>
</kw>
<kw name="Set Password">
<arg>kalle123</arg>
<kw name="Input Password" library="SeleniumLibrary">
<arg>password</arg>
<arg>${password}</arg>
<doc>Types the given password into the text field identified by ``locator``.</doc>
<msg timestamp="20231115 13:52:32.046" level="INFO">Typing password into text field 'password'.</msg>
<msg timestamp="20231115 13:52:32.061" level="INFO">Temporally setting log level to: NONE</msg>
<msg timestamp="20231115 13:52:32.080" level="INFO">Log level changed from NONE to INFO.</msg>
<status status="PASS" starttime="20231115 13:52:32.046" endtime="20231115 13:52:32.080"/>
</kw>
<status status="PASS" starttime="20231115 13:52:32.046" endtime="20231115 13:52:32.080"/>
</kw>
<kw name="Submit Login Credentials">
<kw name="Click Button" library="SeleniumLibrary">
<arg>Login</arg>
<doc>Clicks the button identified by ``locator``.</doc>
<msg timestamp="20231115 13:52:32.081" level="INFO">Clicking button 'Login'.</msg>
<status status="PASS" starttime="20231115 13:52:32.080" endtime="20231115 13:52:32.108"/>
</kw>
<status status="PASS" starttime="20231115 13:52:32.080" endtime="20231115 13:52:32.108"/>
</kw>
<kw name="Login Should Fail With Message">
<arg>Invalid username or password</arg>
<kw name="Login Page Should Be Open" library="resource">
<kw name="Title Should Be" library="SeleniumLibrary">
<arg>Login</arg>
<doc>Verifies that the current page title equals ``title``.</doc>
<msg timestamp="20231115 13:52:32.111" level="INFO">Page title is 'Login'.</msg>
<status status="PASS" starttime="20231115 13:52:32.109" endtime="20231115 13:52:32.111"/>
</kw>
<status status="PASS" starttime="20231115 13:52:32.109" endtime="20231115 13:52:32.111"/>
</kw>
<kw name="Page Should Contain" library="SeleniumLibrary">
<arg>${message}</arg>
<doc>Verifies that current page contains ``text``.</doc>
<msg timestamp="20231115 13:52:32.118" level="INFO">Current page contains text 'Invalid username or password'.</msg>
<status status="PASS" starttime="20231115 13:52:32.111" endtime="20231115 13:52:32.118"/>
</kw>
<status status="PASS" starttime="20231115 13:52:32.108" endtime="20231115 13:52:32.118"/>
</kw>
<status status="PASS" starttime="20231115 13:52:31.863" endtime="20231115 13:52:32.118"/>
</test>
<kw name="Close Browser" library="SeleniumLibrary" type="TEARDOWN">
<doc>Closes the current browser.</doc>
<status status="PASS" starttime="20231115 13:52:32.119" endtime="20231115 13:52:32.178"/>
</kw>
<status status="PASS" starttime="20231115 13:52:30.187" endtime="20231115 13:52:32.178"/>
</suite>
<statistics>
<total>
<stat pass="6" fail="0" skip="0">All Tests</stat>
</total>
<tag>
</tag>
<suite>
<stat pass="6" fail="0" skip="0" id="s1" name="Register">Register</stat>
</suite>
</statistics>
<errors>
</errors>
</robot>
