<?xml version="1.0" encoding="UTF-8"?>
<robot generator="Robot 6.1.1 (Python 3.10.12 on linux)" generated="20231115 14:02:27.631" rpa="false" schemaversion="4">
<suite id="s1" name="Register" source="/home/eero/Documents/OhTu/palautusrepositorio/viikko3/web-login/src/tests/register.robot">
<kw name="Open And Configure Browser" library="resource" type="SETUP">
<kw name="Evaluate" library="BuiltIn">
<var>${options}</var>
<arg>sys.modules['selenium.webdriver'].ChromeOptions()</arg>
<arg>sys</arg>
<doc>Evaluates the given expression in Python and returns the result.</doc>
<msg timestamp="20231115 14:02:27.723" level="INFO">${options} = &lt;selenium.webdriver.chrome.options.Options object at 0x7f6ed150c6d0&gt;</msg>
<status status="PASS" starttime="20231115 14:02:27.723" endtime="20231115 14:02:27.723"/>
</kw>
<kw name="Open Browser" library="SeleniumLibrary">
<arg>browser=chrome</arg>
<arg>options=${options}</arg>
<doc>Opens a new browser instance to the optional ``url``.</doc>
<msg timestamp="20231115 14:02:27.723" level="INFO">Opening browser 'chrome' to base url 'None'.</msg>
<status status="PASS" starttime="20231115 14:02:27.723" endtime="20231115 14:02:28.672"/>
</kw>
<kw name="Set Selenium Speed" library="SeleniumLibrary">
<arg>${DELAY}</arg>
<doc>Sets the delay that is waited after each Selenium command.</doc>
<status status="PASS" starttime="20231115 14:02:28.672" endtime="20231115 14:02:28.673"/>
</kw>
<status status="PASS" starttime="20231115 14:02:27.723" endtime="20231115 14:02:28.673"/>
</kw>
<test id="s1-t1" name="Register With Valid Username And Password" line="9">
<kw name="Reset App And Go To Register Page" type="SETUP">
<kw name="Reset Application" library="AppLibrary">
<status status="PASS" starttime="20231115 14:02:28.674" endtime="20231115 14:02:28.677"/>
</kw>
<kw name="Go To Register Page" library="resource">
<kw name="Go To" library="SeleniumLibrary">
<arg>${REGISTER_URL}</arg>
<doc>Navigates the current browser window to the provided ``url``.</doc>
<msg timestamp="20231115 14:02:28.678" level="INFO">Opening url 'http://localhost:5001/register'</msg>
<status status="PASS" starttime="20231115 14:02:28.678" endtime="20231115 14:02:29.208"/>
</kw>
<status status="PASS" starttime="20231115 14:02:28.677" endtime="20231115 14:02:29.208"/>
</kw>
<status status="PASS" starttime="20231115 14:02:28.673" endtime="20231115 14:02:29.208"/>
</kw>
<kw name="Set Username">
<arg>kalleksi</arg>
<kw name="Input Text" library="SeleniumLibrary">
<arg>username</arg>
<arg>${username}</arg>
<doc>Types the given ``text`` into the text field identified by ``locator``.</doc>
<msg timestamp="20231115 14:02:29.211" level="INFO">Typing text 'kalleksi' into text field 'username'.</msg>
<status status="PASS" starttime="20231115 14:02:29.209" endtime="20231115 14:02:30.800"/>
</kw>
<status status="PASS" starttime="20231115 14:02:29.209" endtime="20231115 14:02:30.800"/>
</kw>
<kw name="Set Password">
<arg>kalle123</arg>
<kw name="Input Password" library="SeleniumLibrary">
<arg>password</arg>
<arg>${password}</arg>
<doc>Types the given password into the text field identified by ``locator``.</doc>
<msg timestamp="20231115 14:02:30.801" level="INFO">Typing password into text field 'password'.</msg>
<msg timestamp="20231115 14:02:31.838" level="INFO">Temporally setting log level to: NONE</msg>
<msg timestamp="20231115 14:02:32.373" level="INFO">Log level changed from NONE to INFO.</msg>
<status status="PASS" starttime="20231115 14:02:30.801" endtime="20231115 14:02:32.373"/>
</kw>
<status status="PASS" starttime="20231115 14:02:30.800" endtime="20231115 14:02:32.373"/>
</kw>
<kw name="Set Password Confirmation">
<arg>kalle123</arg>
<kw name="Input Password" library="SeleniumLibrary">
<arg>password_confirmation</arg>
<arg>${password}</arg>
<doc>Types the given password into the text field identified by ``locator``.</doc>
<msg timestamp="20231115 14:02:32.375" level="INFO">Typing password into text field 'password_confirmation'.</msg>
<msg timestamp="20231115 14:02:33.420" level="INFO">Temporally setting log level to: NONE</msg>
<msg timestamp="20231115 14:02:33.954" level="INFO">Log level changed from NONE to INFO.</msg>
<status status="PASS" starttime="20231115 14:02:32.374" endtime="20231115 14:02:33.955"/>
</kw>
<status status="PASS" starttime="20231115 14:02:32.374" endtime="20231115 14:02:33.955"/>
</kw>
<kw name="Submit Credentials">
<kw name="Click Button" library="SeleniumLibrary">
<arg>Register</arg>
<doc>Clicks the button identified by ``locator``.</doc>
<msg timestamp="20231115 14:02:33.957" level="INFO">Clicking button 'Register'.</msg>
<status status="PASS" starttime="20231115 14:02:33.956" endtime="20231115 14:02:36.048"/>
</kw>
<status status="PASS" starttime="20231115 14:02:33.955" endtime="20231115 14:02:36.048"/>
</kw>
<kw name="Register Should Succeed">
<kw name="Click Link" library="SeleniumLibrary">
<arg>Continue to main page</arg>
<doc>Clicks a link identified by ``locator``.</doc>
<msg timestamp="20231115 14:02:36.050" level="INFO">Clicking link 'Continue to main page'.</msg>
<status status="PASS" starttime="20231115 14:02:36.049" endtime="20231115 14:02:37.623"/>
</kw>
<kw name="Main Page Should Be Open" library="resource">
<kw name="Title Should Be" library="SeleniumLibrary">
<arg>Ohtu Application main page</arg>
<doc>Verifies that the current page title equals ``title``.</doc>
<msg timestamp="20231115 14:02:38.136" level="INFO">Page title is 'Ohtu Application main page'.</msg>
<status status="PASS" starttime="20231115 14:02:37.624" endtime="20231115 14:02:38.136"/>
</kw>
<status status="PASS" starttime="20231115 14:02:37.623" endtime="20231115 14:02:38.136"/>
</kw>
<status status="PASS" starttime="20231115 14:02:36.049" endtime="20231115 14:02:38.136"/>
</kw>
<status status="PASS" starttime="20231115 14:02:28.673" endtime="20231115 14:02:38.137"/>
</test>
<test id="s1-t2" name="Register With Too Short Username And Valid Password" line="16">
<kw name="Reset App And Go To Register Page" type="SETUP">
<kw name="Reset Application" library="AppLibrary">
<status status="PASS" starttime="20231115 14:02:38.139" endtime="20231115 14:02:38.144"/>
</kw>
<kw name="Go To Register Page" library="resource">
<kw name="Go To" library="SeleniumLibrary">
<arg>${REGISTER_URL}</arg>
<doc>Navigates the current browser window to the provided ``url``.</doc>
<msg timestamp="20231115 14:02:38.144" level="INFO">Opening url 'http://localhost:5001/register'</msg>
<status status="PASS" starttime="20231115 14:02:38.144" endtime="20231115 14:02:38.661"/>
</kw>
<status status="PASS" starttime="20231115 14:02:38.144" endtime="20231115 14:02:38.662"/>
</kw>
<status status="PASS" starttime="20231115 14:02:38.138" endtime="20231115 14:02:38.662"/>
</kw>
<kw name="Set Username">
<arg>ka</arg>
<kw name="Input Text" library="SeleniumLibrary">
<arg>username</arg>
<arg>${username}</arg>
<doc>Types the given ``text`` into the text field identified by ``locator``.</doc>
<msg timestamp="20231115 14:02:38.664" level="INFO">Typing text 'ka' into text field 'username'.</msg>
<status status="PASS" starttime="20231115 14:02:38.663" endtime="20231115 14:02:40.237"/>
</kw>
<status status="PASS" starttime="20231115 14:02:38.662" endtime="20231115 14:02:40.238"/>
</kw>
<kw name="Set Password">
<arg>kalle123</arg>
<kw name="Input Password" library="SeleniumLibrary">
<arg>password</arg>
<arg>${password}</arg>
<doc>Types the given password into the text field identified by ``locator``.</doc>
<msg timestamp="20231115 14:02:40.240" level="INFO">Typing password into text field 'password'.</msg>
<msg timestamp="20231115 14:02:41.271" level="INFO">Temporally setting log level to: NONE</msg>
<msg timestamp="20231115 14:02:41.795" level="INFO">Log level changed from NONE to INFO.</msg>
<status status="PASS" starttime="20231115 14:02:40.239" endtime="20231115 14:02:41.796"/>
</kw>
<status status="PASS" starttime="20231115 14:02:40.238" endtime="20231115 14:02:41.796"/>
</kw>
<kw name="Set Password Confirmation">
<arg>kalle123</arg>
<kw name="Input Password" library="SeleniumLibrary">
<arg>password_confirmation</arg>
<arg>${password}</arg>
<doc>Types the given password into the text field identified by ``locator``.</doc>
<msg timestamp="20231115 14:02:41.797" level="INFO">Typing password into text field 'password_confirmation'.</msg>
<msg timestamp="20231115 14:02:42.814" level="INFO">Temporally setting log level to: NONE</msg>
<msg timestamp="20231115 14:02:43.355" level="INFO">Log level changed from NONE to INFO.</msg>
<status status="PASS" starttime="20231115 14:02:41.796" endtime="20231115 14:02:43.355"/>
</kw>
<status status="PASS" starttime="20231115 14:02:41.796" endtime="20231115 14:02:43.355"/>
</kw>
<kw name="Submit Credentials">
<kw name="Click Button" library="SeleniumLibrary">
<arg>Register</arg>
<doc>Clicks the button identified by ``locator``.</doc>
<msg timestamp="20231115 14:02:43.357" level="INFO">Clicking button 'Register'.</msg>
<status status="PASS" starttime="20231115 14:02:43.356" endtime="20231115 14:02:45.438"/>
</kw>
<status status="PASS" starttime="20231115 14:02:43.355" endtime="20231115 14:02:45.438"/>
</kw>
<kw name="Register Should Fail With Message">
<arg>Username must be at least 3 characters long</arg>
<kw name="Register Page Should Be Open" library="resource">
<kw name="Title Should Be" library="SeleniumLibrary">
<arg>Register</arg>
<doc>Verifies that the current page title equals ``title``.</doc>
<msg timestamp="20231115 14:02:45.951" level="INFO">Page title is 'Register'.</msg>
<status status="PASS" starttime="20231115 14:02:45.439" endtime="20231115 14:02:45.951"/>
</kw>
<status status="PASS" starttime="20231115 14:02:45.439" endtime="20231115 14:02:45.951"/>
</kw>
<kw name="Page Should Contain" library="SeleniumLibrary">
<arg>${message}</arg>
<doc>Verifies that current page contains ``text``.</doc>
<msg timestamp="20231115 14:02:46.979" level="INFO">Current page contains text 'Username must be at least 3 characters long'.</msg>
<status status="PASS" starttime="20231115 14:02:45.951" endtime="20231115 14:02:46.979"/>
</kw>
<status status="PASS" starttime="20231115 14:02:45.438" endtime="20231115 14:02:46.979"/>
</kw>
<status status="PASS" starttime="20231115 14:02:38.138" endtime="20231115 14:02:46.980"/>
</test>
<test id="s1-t3" name="Register With Valid Username And Invalid Password" line="23">
<kw name="Reset App And Go To Register Page" type="SETUP">
<kw name="Reset Application" library="AppLibrary">
<status status="PASS" starttime="20231115 14:02:46.982" endtime="20231115 14:02:46.987"/>
</kw>
<kw name="Go To Register Page" library="resource">
<kw name="Go To" library="SeleniumLibrary">
<arg>${REGISTER_URL}</arg>
<doc>Navigates the current browser window to the provided ``url``.</doc>
<msg timestamp="20231115 14:02:46.987" level="INFO">Opening url 'http://localhost:5001/register'</msg>
<status status="PASS" starttime="20231115 14:02:46.987" endtime="20231115 14:02:47.503"/>
</kw>
<status status="PASS" starttime="20231115 14:02:46.987" endtime="20231115 14:02:47.503"/>
</kw>
<status status="PASS" starttime="20231115 14:02:46.982" endtime="20231115 14:02:47.503"/>
</kw>
<kw name="Set Username">
<arg>kalleksiko</arg>
<kw name="Input Text" library="SeleniumLibrary">
<arg>username</arg>
<arg>${username}</arg>
<doc>Types the given ``text`` into the text field identified by ``locator``.</doc>
<msg timestamp="20231115 14:02:47.505" level="INFO">Typing text 'kalleksiko' into text field 'username'.</msg>
<status status="PASS" starttime="20231115 14:02:47.504" endtime="20231115 14:02:49.074"/>
</kw>
<status status="PASS" starttime="20231115 14:02:47.503" endtime="20231115 14:02:49.074"/>
</kw>
<kw name="Set Password">
<arg>kallekalle</arg>
<kw name="Input Password" library="SeleniumLibrary">
<arg>password</arg>
<arg>${password}</arg>
<doc>Types the given password into the text field identified by ``locator``.</doc>
<msg timestamp="20231115 14:02:49.077" level="INFO">Typing password into text field 'password'.</msg>
<msg timestamp="20231115 14:02:50.110" level="INFO">Temporally setting log level to: NONE</msg>
<msg timestamp="20231115 14:02:50.649" level="INFO">Log level changed from NONE to INFO.</msg>
<status status="PASS" starttime="20231115 14:02:49.076" endtime="20231115 14:02:50.649"/>
</kw>
<status status="PASS" starttime="20231115 14:02:49.075" endtime="20231115 14:02:50.649"/>
</kw>
<kw name="Set Password Confirmation">
<arg>kallekalle</arg>
<kw name="Input Password" library="SeleniumLibrary">
<arg>password_confirmation</arg>
<arg>${password}</arg>
<doc>Types the given password into the text field identified by ``locator``.</doc>
<msg timestamp="20231115 14:02:50.651" level="INFO">Typing password into text field 'password_confirmation'.</msg>
<msg timestamp="20231115 14:02:51.690" level="INFO">Temporally setting log level to: NONE</msg>
<msg timestamp="20231115 14:02:52.224" level="INFO">Log level changed from NONE to INFO.</msg>
<status status="PASS" starttime="20231115 14:02:50.650" endtime="20231115 14:02:52.224"/>
</kw>
<status status="PASS" starttime="20231115 14:02:50.650" endtime="20231115 14:02:52.225"/>
</kw>
<kw name="Submit Credentials">
<kw name="Click Button" library="SeleniumLibrary">
<arg>Register</arg>
<doc>Clicks the button identified by ``locator``.</doc>
<msg timestamp="20231115 14:02:52.227" level="INFO">Clicking button 'Register'.</msg>
<status status="PASS" starttime="20231115 14:02:52.226" endtime="20231115 14:02:54.304"/>
</kw>
<status status="PASS" starttime="20231115 14:02:52.225" endtime="20231115 14:02:54.304"/>
</kw>
<kw name="Register Should Fail With Message">
<arg>Password must not contain only letters</arg>
<kw name="Register Page Should Be Open" library="resource">
<kw name="Title Should Be" library="SeleniumLibrary">
<arg>Register</arg>
<doc>Verifies that the current page title equals ``title``.</doc>
<msg timestamp="20231115 14:02:54.817" level="INFO">Page title is 'Register'.</msg>
<status status="PASS" starttime="20231115 14:02:54.306" endtime="20231115 14:02:54.817"/>
</kw>
<status status="PASS" starttime="20231115 14:02:54.305" endtime="20231115 14:02:54.817"/>
</kw>
<kw name="Page Should Contain" library="SeleniumLibrary">
<arg>${message}</arg>
<doc>Verifies that current page contains ``text``.</doc>
<msg timestamp="20231115 14:02:55.845" level="INFO">Current page contains text 'Password must not contain only letters'.</msg>
<status status="PASS" starttime="20231115 14:02:54.817" endtime="20231115 14:02:55.845"/>
</kw>
<status status="PASS" starttime="20231115 14:02:54.305" endtime="20231115 14:02:55.845"/>
</kw>
<status status="PASS" starttime="20231115 14:02:46.981" endtime="20231115 14:02:55.846"/>
</test>
<test id="s1-t4" name="Register With Nonmatching Password And Password Confirmation" line="31">
<kw name="Reset App And Go To Register Page" type="SETUP">
<kw name="Reset Application" library="AppLibrary">
<status status="PASS" starttime="20231115 14:02:55.848" endtime="20231115 14:02:55.852"/>
</kw>
<kw name="Go To Register Page" library="resource">
<kw name="Go To" library="SeleniumLibrary">
<arg>${REGISTER_URL}</arg>
<doc>Navigates the current browser window to the provided ``url``.</doc>
<msg timestamp="20231115 14:02:55.853" level="INFO">Opening url 'http://localhost:5001/register'</msg>
<status status="PASS" starttime="20231115 14:02:55.853" endtime="20231115 14:02:56.369"/>
</kw>
<status status="PASS" starttime="20231115 14:02:55.853" endtime="20231115 14:02:56.369"/>
</kw>
<status status="PASS" starttime="20231115 14:02:55.847" endtime="20231115 14:02:56.369"/>
</kw>
<kw name="Set Username">
<arg>kalleksikohan</arg>
<kw name="Input Text" library="SeleniumLibrary">
<arg>username</arg>
<arg>${username}</arg>
<doc>Types the given ``text`` into the text field identified by ``locator``.</doc>
<msg timestamp="20231115 14:02:56.371" level="INFO">Typing text 'kalleksikohan' into text field 'username'.</msg>
<status status="PASS" starttime="20231115 14:02:56.370" endtime="20231115 14:02:57.942"/>
</kw>
<status status="PASS" starttime="20231115 14:02:56.369" endtime="20231115 14:02:57.942"/>
</kw>
<kw name="Set Password">
<arg>kalle123</arg>
<kw name="Input Password" library="SeleniumLibrary">
<arg>password</arg>
<arg>${password}</arg>
<doc>Types the given password into the text field identified by ``locator``.</doc>
<msg timestamp="20231115 14:02:57.945" level="INFO">Typing password into text field 'password'.</msg>
<msg timestamp="20231115 14:02:58.977" level="INFO">Temporally setting log level to: NONE</msg>
<msg timestamp="20231115 14:02:59.498" level="INFO">Log level changed from NONE to INFO.</msg>
<status status="PASS" starttime="20231115 14:02:57.943" endtime="20231115 14:02:59.498"/>
</kw>
<status status="PASS" starttime="20231115 14:02:57.943" endtime="20231115 14:02:59.498"/>
</kw>
<kw name="Set Password Confirmation">
<arg>kalle321</arg>
<kw name="Input Password" library="SeleniumLibrary">
<arg>password_confirmation</arg>
<arg>${password}</arg>
<doc>Types the given password into the text field identified by ``locator``.</doc>
<msg timestamp="20231115 14:02:59.501" level="INFO">Typing password into text field 'password_confirmation'.</msg>
<msg timestamp="20231115 14:03:00.538" level="INFO">Temporally setting log level to: NONE</msg>
<msg timestamp="20231115 14:03:01.057" level="INFO">Log level changed from NONE to INFO.</msg>
<status status="PASS" starttime="20231115 14:02:59.499" endtime="20231115 14:03:01.058"/>
</kw>
<status status="PASS" starttime="20231115 14:02:59.499" endtime="20231115 14:03:01.058"/>
</kw>
<kw name="Submit Credentials">
<kw name="Click Button" library="SeleniumLibrary">
<arg>Register</arg>
<doc>Clicks the button identified by ``locator``.</doc>
<msg timestamp="20231115 14:03:01.060" level="INFO">Clicking button 'Register'.</msg>
<status status="PASS" starttime="20231115 14:03:01.059" endtime="20231115 14:03:03.148"/>
</kw>
<status status="PASS" starttime="20231115 14:03:01.058" endtime="20231115 14:03:03.148"/>
</kw>
<kw name="Register Should Fail With Message">
<arg>Password and password confirmation do not match</arg>
<kw name="Register Page Should Be Open" library="resource">
<kw name="Title Should Be" library="SeleniumLibrary">
<arg>Register</arg>
<doc>Verifies that the current page title equals ``title``.</doc>
<msg timestamp="20231115 14:03:03.660" level="INFO">Page title is 'Register'.</msg>
<status status="PASS" starttime="20231115 14:03:03.150" endtime="20231115 14:03:03.660"/>
</kw>
<status status="PASS" starttime="20231115 14:03:03.149" endtime="20231115 14:03:03.660"/>
</kw>
<kw name="Page Should Contain" library="SeleniumLibrary">
<arg>${message}</arg>
<doc>Verifies that current page contains ``text``.</doc>
<msg timestamp="20231115 14:03:04.683" level="INFO">Current page contains text 'Password and password confirmation do not match'.</msg>
<status status="PASS" starttime="20231115 14:03:03.660" endtime="20231115 14:03:04.684"/>
</kw>
<status status="PASS" starttime="20231115 14:03:03.149" endtime="20231115 14:03:04.684"/>
</kw>
<status status="PASS" starttime="20231115 14:02:55.846" endtime="20231115 14:03:04.684"/>
</test>
<test id="s1-t5" name="Login After Successful Registration" line="38">
<kw name="Reset App And Go To Register Page" type="SETUP">
<kw name="Reset Application" library="AppLibrary">
<status status="PASS" starttime="20231115 14:03:04.686" endtime="20231115 14:03:04.694"/>
</kw>
<kw name="Go To Register Page" library="resource">
<kw name="Go To" library="SeleniumLibrary">
<arg>${REGISTER_URL}</arg>
<doc>Navigates the current browser window to the provided ``url``.</doc>
<msg timestamp="20231115 14:03:04.695" level="INFO">Opening url 'http://localhost:5001/register'</msg>
<status status="PASS" starttime="20231115 14:03:04.695" endtime="20231115 14:03:05.211"/>
</kw>
<status status="PASS" starttime="20231115 14:03:04.694" endtime="20231115 14:03:05.211"/>
</kw>
<status status="PASS" starttime="20231115 14:03:04.686" endtime="20231115 14:03:05.211"/>
</kw>
<kw name="Set Username">
<arg>kalleksikohankaan</arg>
<kw name="Input Text" library="SeleniumLibrary">
<arg>username</arg>
<arg>${username}</arg>
<doc>Types the given ``text`` into the text field identified by ``locator``.</doc>
<msg timestamp="20231115 14:03:05.213" level="INFO">Typing text 'kalleksikohankaan' into text field 'username'.</msg>
<status status="PASS" starttime="20231115 14:03:05.212" endtime="20231115 14:03:06.795"/>
</kw>
<status status="PASS" starttime="20231115 14:03:05.211" endtime="20231115 14:03:06.796"/>
</kw>
<kw name="Set Password">
<arg>kalle123</arg>
<kw name="Input Password" library="SeleniumLibrary">
<arg>password</arg>
<arg>${password}</arg>
<doc>Types the given password into the text field identified by ``locator``.</doc>
<msg timestamp="20231115 14:03:06.798" level="INFO">Typing password into text field 'password'.</msg>
<msg timestamp="20231115 14:03:07.833" level="INFO">Temporally setting log level to: NONE</msg>
<msg timestamp="20231115 14:03:08.354" level="INFO">Log level changed from NONE to INFO.</msg>
<status status="PASS" starttime="20231115 14:03:06.797" endtime="20231115 14:03:08.354"/>
</kw>
<status status="PASS" starttime="20231115 14:03:06.796" endtime="20231115 14:03:08.354"/>
</kw>
<kw name="Set Password Confirmation">
<arg>kalle123</arg>
<kw name="Input Password" library="SeleniumLibrary">
<arg>password_confirmation</arg>
<arg>${password}</arg>
<doc>Types the given password into the text field identified by ``locator``.</doc>
<msg timestamp="20231115 14:03:08.357" level="INFO">Typing password into text field 'password_confirmation'.</msg>
<msg timestamp="20231115 14:03:09.402" level="INFO">Temporally setting log level to: NONE</msg>
<msg timestamp="20231115 14:03:09.941" level="INFO">Log level changed from NONE to INFO.</msg>
<status status="PASS" starttime="20231115 14:03:08.355" endtime="20231115 14:03:09.941"/>
</kw>
<status status="PASS" starttime="20231115 14:03:08.354" endtime="20231115 14:03:09.941"/>
</kw>
<kw name="Submit Credentials">
<kw name="Click Button" library="SeleniumLibrary">
<arg>Register</arg>
<doc>Clicks the button identified by ``locator``.</doc>
<msg timestamp="20231115 14:03:09.943" level="INFO">Clicking button 'Register'.</msg>
<status status="PASS" starttime="20231115 14:03:09.942" endtime="20231115 14:03:12.017"/>
</kw>
<status status="PASS" starttime="20231115 14:03:09.941" endtime="20231115 14:03:12.018"/>
</kw>
<kw name="Register Should Succeed">
<kw name="Click Link" library="SeleniumLibrary">
<arg>Continue to main page</arg>
<doc>Clicks a link identified by ``locator``.</doc>
<msg timestamp="20231115 14:03:12.020" level="INFO">Clicking link 'Continue to main page'.</msg>
<status status="PASS" starttime="20231115 14:03:12.019" endtime="20231115 14:03:13.580"/>
</kw>
<kw name="Main Page Should Be Open" library="resource">
<kw name="Title Should Be" library="SeleniumLibrary">
<arg>Ohtu Application main page</arg>
<doc>Verifies that the current page title equals ``title``.</doc>
<msg timestamp="20231115 14:03:14.091" level="INFO">Page title is 'Ohtu Application main page'.</msg>
<status status="PASS" starttime="20231115 14:03:13.581" endtime="20231115 14:03:14.091"/>
</kw>
<status status="PASS" starttime="20231115 14:03:13.580" endtime="20231115 14:03:14.092"/>
</kw>
<status status="PASS" starttime="20231115 14:03:12.018" endtime="20231115 14:03:14.092"/>
</kw>
<kw name="Go To Login Page" library="resource">
<kw name="Go To" library="SeleniumLibrary">
<arg>${LOGIN_URL}</arg>
<doc>Navigates the current browser window to the provided ``url``.</doc>
<msg timestamp="20231115 14:03:14.093" level="INFO">Opening url 'http://localhost:5001/login'</msg>
<status status="PASS" starttime="20231115 14:03:14.093" endtime="20231115 14:03:14.611"/>
</kw>
<status status="PASS" starttime="20231115 14:03:14.092" endtime="20231115 14:03:14.611"/>
</kw>
<kw name="Set Username">
<arg>kalleksikohankaan</arg>
<kw name="Input Text" library="SeleniumLibrary">
<arg>username</arg>
<arg>${username}</arg>
<doc>Types the given ``text`` into the text field identified by ``locator``.</doc>
<msg timestamp="20231115 14:03:14.613" level="INFO">Typing text 'kalleksikohankaan' into text field 'username'.</msg>
<status status="PASS" starttime="20231115 14:03:14.612" endtime="20231115 14:03:16.187"/>
</kw>
<status status="PASS" starttime="20231115 14:03:14.611" endtime="20231115 14:03:16.188"/>
</kw>
<kw name="Set Password">
<arg>kalle123</arg>
<kw name="Input Password" library="SeleniumLibrary">
<arg>password</arg>
<arg>${password}</arg>
<doc>Types the given password into the text field identified by ``locator``.</doc>
<msg timestamp="20231115 14:03:16.190" level="INFO">Typing password into text field 'password'.</msg>
<msg timestamp="20231115 14:03:17.224" level="INFO">Temporally setting log level to: NONE</msg>
<msg timestamp="20231115 14:03:17.757" level="INFO">Log level changed from NONE to INFO.</msg>
<status status="PASS" starttime="20231115 14:03:16.189" endtime="20231115 14:03:17.758"/>
</kw>
<status status="PASS" starttime="20231115 14:03:16.188" endtime="20231115 14:03:17.758"/>
</kw>
<kw name="Submit Login Credentials">
<kw name="Click Button" library="SeleniumLibrary">
<arg>Login</arg>
<doc>Clicks the button identified by ``locator``.</doc>
<msg timestamp="20231115 14:03:17.760" level="INFO">Clicking button 'Login'.</msg>
<status status="PASS" starttime="20231115 14:03:17.759" endtime="20231115 14:03:19.842"/>
</kw>
<status status="PASS" starttime="20231115 14:03:17.758" endtime="20231115 14:03:19.842"/>
</kw>
<kw name="Login Should Succeed">
<kw name="Main Page Should Be Open" library="resource">
<kw name="Title Should Be" library="SeleniumLibrary">
<arg>Ohtu Application main page</arg>
<doc>Verifies that the current page title equals ``title``.</doc>
<msg timestamp="20231115 14:03:20.354" level="INFO">Page title is 'Ohtu Application main page'.</msg>
<status status="PASS" starttime="20231115 14:03:19.844" endtime="20231115 14:03:20.355"/>
</kw>
<status status="PASS" starttime="20231115 14:03:19.844" endtime="20231115 14:03:20.355"/>
</kw>
<status status="PASS" starttime="20231115 14:03:19.843" endtime="20231115 14:03:20.355"/>
</kw>
<status status="PASS" starttime="20231115 14:03:04.685" endtime="20231115 14:03:20.355"/>
</test>
<test id="s1-t6" name="Login After Failed Registration" line="50">
<kw name="Reset App And Go To Register Page" type="SETUP">
<kw name="Reset Application" library="AppLibrary">
<status status="PASS" starttime="20231115 14:03:20.358" endtime="20231115 14:03:20.363"/>
</kw>
<kw name="Go To Register Page" library="resource">
<kw name="Go To" library="SeleniumLibrary">
<arg>${REGISTER_URL}</arg>
<doc>Navigates the current browser window to the provided ``url``.</doc>
<msg timestamp="20231115 14:03:20.364" level="INFO">Opening url 'http://localhost:5001/register'</msg>
<status status="PASS" starttime="20231115 14:03:20.363" endtime="20231115 14:03:20.884"/>
</kw>
<status status="PASS" starttime="20231115 14:03:20.363" endtime="20231115 14:03:20.885"/>
</kw>
<status status="PASS" starttime="20231115 14:03:20.357" endtime="20231115 14:03:20.885"/>
</kw>
<kw name="Set Username">
<arg>ka</arg>
<kw name="Input Text" library="SeleniumLibrary">
<arg>username</arg>
<arg>${username}</arg>
<doc>Types the given ``text`` into the text field identified by ``locator``.</doc>
<msg timestamp="20231115 14:03:20.887" level="INFO">Typing text 'ka' into text field 'username'.</msg>
<status status="PASS" starttime="20231115 14:03:20.886" endtime="20231115 14:03:22.457"/>
</kw>
<status status="PASS" starttime="20231115 14:03:20.885" endtime="20231115 14:03:22.457"/>
</kw>
<kw name="Set Password">
<arg>kalle123</arg>
<kw name="Input Password" library="SeleniumLibrary">
<arg>password</arg>
<arg>${password}</arg>
<doc>Types the given password into the text field identified by ``locator``.</doc>
<msg timestamp="20231115 14:03:22.459" level="INFO">Typing password into text field 'password'.</msg>
<msg timestamp="20231115 14:03:23.495" level="INFO">Temporally setting log level to: NONE</msg>
<msg timestamp="20231115 14:03:24.027" level="INFO">Log level changed from NONE to INFO.</msg>
<status status="PASS" starttime="20231115 14:03:22.458" endtime="20231115 14:03:24.027"/>
</kw>
<status status="PASS" starttime="20231115 14:03:22.457" endtime="20231115 14:03:24.027"/>
</kw>
<kw name="Set Password Confirmation">
<arg>kalle122</arg>
<kw name="Input Password" library="SeleniumLibrary">
<arg>password_confirmation</arg>
<arg>${password}</arg>
<doc>Types the given password into the text field identified by ``locator``.</doc>
<msg timestamp="20231115 14:03:24.030" level="INFO">Typing password into text field 'password_confirmation'.</msg>
<msg timestamp="20231115 14:03:25.068" level="INFO">Temporally setting log level to: NONE</msg>
<msg timestamp="20231115 14:03:25.607" level="INFO">Log level changed from NONE to INFO.</msg>
<status status="PASS" starttime="20231115 14:03:24.028" endtime="20231115 14:03:25.607"/>
</kw>
<status status="PASS" starttime="20231115 14:03:24.028" endtime="20231115 14:03:25.608"/>
</kw>
<kw name="Submit Credentials">
<kw name="Click Button" library="SeleniumLibrary">
<arg>Register</arg>
<doc>Clicks the button identified by ``locator``.</doc>
<msg timestamp="20231115 14:03:25.609" level="INFO">Clicking button 'Register'.</msg>
<status status="PASS" starttime="20231115 14:03:25.608" endtime="20231115 14:03:27.689"/>
</kw>
<status status="PASS" starttime="20231115 14:03:25.608" endtime="20231115 14:03:27.689"/>
</kw>
<kw name="Register Should Fail With Message">
<arg>Username must be at least 3 characters long</arg>
<kw name="Register Page Should Be Open" library="resource">
<kw name="Title Should Be" library="SeleniumLibrary">
<arg>Register</arg>
<doc>Verifies that the current page title equals ``title``.</doc>
<msg timestamp="20231115 14:03:28.201" level="INFO">Page title is 'Register'.</msg>
<status status="PASS" starttime="20231115 14:03:27.691" endtime="20231115 14:03:28.201"/>
</kw>
<status status="PASS" starttime="20231115 14:03:27.690" endtime="20231115 14:03:28.201"/>
</kw>
<kw name="Page Should Contain" library="SeleniumLibrary">
<arg>${message}</arg>
<doc>Verifies that current page contains ``text``.</doc>
<msg timestamp="20231115 14:03:29.227" level="INFO">Current page contains text 'Username must be at least 3 characters long'.</msg>
<status status="PASS" starttime="20231115 14:03:28.202" endtime="20231115 14:03:29.227"/>
</kw>
<status status="PASS" starttime="20231115 14:03:27.689" endtime="20231115 14:03:29.227"/>
</kw>
<kw name="Go To Login Page" library="resource">
<kw name="Go To" library="SeleniumLibrary">
<arg>${LOGIN_URL}</arg>
<doc>Navigates the current browser window to the provided ``url``.</doc>
<msg timestamp="20231115 14:03:29.229" level="INFO">Opening url 'http://localhost:5001/login'</msg>
<status status="PASS" starttime="20231115 14:03:29.228" endtime="20231115 14:03:29.750"/>
</kw>
<status status="PASS" starttime="20231115 14:03:29.228" endtime="20231115 14:03:29.750"/>
</kw>
<kw name="Set Username">
<arg>ka</arg>
<kw name="Input Text" library="SeleniumLibrary">
<arg>username</arg>
<arg>${username}</arg>
<doc>Types the given ``text`` into the text field identified by ``locator``.</doc>
<msg timestamp="20231115 14:03:29.752" level="INFO">Typing text 'ka' into text field 'username'.</msg>
<status status="PASS" starttime="20231115 14:03:29.751" endtime="20231115 14:03:31.310"/>
</kw>
<status status="PASS" starttime="20231115 14:03:29.751" endtime="20231115 14:03:31.310"/>
</kw>
<kw name="Set Password">
<arg>kalle123</arg>
<kw name="Input Password" library="SeleniumLibrary">
<arg>password</arg>
<arg>${password}</arg>
<doc>Types the given password into the text field identified by ``locator``.</doc>
<msg timestamp="20231115 14:03:31.313" level="INFO">Typing password into text field 'password'.</msg>
<msg timestamp="20231115 14:03:32.345" level="INFO">Temporally setting log level to: NONE</msg>
<msg timestamp="20231115 14:03:32.878" level="INFO">Log level changed from NONE to INFO.</msg>
<status status="PASS" starttime="20231115 14:03:31.312" endtime="20231115 14:03:32.878"/>
</kw>
<status status="PASS" starttime="20231115 14:03:31.311" endtime="20231115 14:03:32.878"/>
</kw>
<kw name="Submit Login Credentials">
<kw name="Click Button" library="SeleniumLibrary">
<arg>Login</arg>
<doc>Clicks the button identified by ``locator``.</doc>
<msg timestamp="20231115 14:03:32.880" level="INFO">Clicking button 'Login'.</msg>
<status status="PASS" starttime="20231115 14:03:32.879" endtime="20231115 14:03:34.945"/>
</kw>
<status status="PASS" starttime="20231115 14:03:32.878" endtime="20231115 14:03:34.946"/>
</kw>
<kw name="Login Should Fail With Message">
<arg>Invalid username or password</arg>
<kw name="Login Page Should Be Open" library="resource">
<kw name="Title Should Be" library="SeleniumLibrary">
<arg>Login</arg>
<doc>Verifies that the current page title equals ``title``.</doc>
<msg timestamp="20231115 14:03:35.458" level="INFO">Page title is 'Login'.</msg>
<status status="PASS" starttime="20231115 14:03:34.947" endtime="20231115 14:03:35.458"/>
</kw>
<status status="PASS" starttime="20231115 14:03:34.947" endtime="20231115 14:03:35.458"/>
</kw>
<kw name="Page Should Contain" library="SeleniumLibrary">
<arg>${message}</arg>
<doc>Verifies that current page contains ``text``.</doc>
<msg timestamp="20231115 14:03:36.485" level="INFO">Current page contains text 'Invalid username or password'.</msg>
<status status="PASS" starttime="20231115 14:03:35.458" endtime="20231115 14:03:36.485"/>
</kw>
<status status="PASS" starttime="20231115 14:03:34.946" endtime="20231115 14:03:36.485"/>
</kw>
<status status="PASS" starttime="20231115 14:03:20.356" endtime="20231115 14:03:36.486"/>
</test>
<kw name="Close Browser" library="SeleniumLibrary" type="TEARDOWN">
<doc>Closes the current browser.</doc>
<status status="PASS" starttime="20231115 14:03:36.487" endtime="20231115 14:03:37.048"/>
</kw>
<status status="PASS" starttime="20231115 14:02:27.631" endtime="20231115 14:03:37.048"/>
</suite>
<statistics>
<total>
<stat pass="6" fail="0" skip="0">All Tests</stat>
</total>
<tag>
</tag>
<suite>
<stat pass="6" fail="0" skip="0" id="s1" name="Register">Register</stat>
</suite>
</statistics>
<errors>
</errors>
</robot>
