<?xml version="1.0" encoding="UTF-8"?>
<robot generator="Robot 6.1.1 (Python 3.10.12 on linux)" generated="20231115 12:35:13.039" rpa="false" schemaversion="4">
<suite id="s1" name="Login" source="/home/eero/Documents/OhTu/palautusrepositorio/viikko3/login-robot/src/tests/login.robot">
<test id="s1-t1" name="Login With Correct Credentials" line="6">
<kw name="Create User And Input Login Command" type="SETUP">
<kw name="Create User" library="AppLibrary">
<arg>kalle</arg>
<arg>kalle123</arg>
<status status="PASS" starttime="20231115 12:35:13.054" endtime="20231115 12:35:13.054"/>
</kw>
<kw name="Input Login Command" library="resource">
<kw name="Input" library="AppLibrary">
<arg>login</arg>
<status status="PASS" starttime="20231115 12:35:13.054" endtime="20231115 12:35:13.054"/>
</kw>
<status status="PASS" starttime="20231115 12:35:13.054" endtime="20231115 12:35:13.054"/>
</kw>
<status status="PASS" starttime="20231115 12:35:13.054" endtime="20231115 12:35:13.054"/>
</kw>
<kw name="Input Credentials" library="resource">
<arg>kalle</arg>
<arg>kalle123</arg>
<kw name="Input" library="AppLibrary">
<arg>${username}</arg>
<status status="PASS" starttime="20231115 12:35:13.055" endtime="20231115 12:35:13.055"/>
</kw>
<kw name="Input" library="AppLibrary">
<arg>${password}</arg>
<status status="PASS" starttime="20231115 12:35:13.055" endtime="20231115 12:35:13.055"/>
</kw>
<kw name="Run Application" library="AppLibrary">
<status status="FAIL" starttime="20231115 12:35:13.055" endtime="20231115 12:36:53.375"/>
</kw>
<status status="FAIL" starttime="20231115 12:35:13.054" endtime="20231115 12:36:53.375"/>
</kw>
<kw name="Output Should Contain" library="AppLibrary">
<arg>Logged in</arg>
<status status="NOT RUN" starttime="20231115 12:36:53.375" endtime="20231115 12:36:53.376"/>
</kw>
<status status="FAIL" starttime="20231115 12:35:13.054" endtime="20231115 12:36:53.376">Execution terminated by signal</status>
</test>
<status status="FAIL" starttime="20231115 12:35:13.040" endtime="20231115 12:36:53.377"/>
</suite>
<statistics>
<total>
<stat pass="0" fail="1" skip="0">All Tests</stat>
</total>
<tag>
</tag>
<suite>
<stat pass="0" fail="1" skip="0" id="s1" name="Login">Login</stat>
</suite>
</statistics>
<errors>
</errors>
</robot>
